<?xml version="1.0" encoding="UTF-8"?>
<!-- Generated by org.testng.reporters.JUnitXMLReporter -->
<testsuite ignored="1" hostname="DESKTOP-HFI9O76" failures="0" tests="1" name="Regression" time="10.674" errors="0" timestamp="2022-05-09T09:25:53 IST">
  <testcase classname="com.frameWork_Practice.Test.TC_001" name="navigation" time="3.208"/>
  <testcase classname="com.frameWork_Practice.Test.TC_001" name="readData" time="0.0">
    <ignored/>
  </testcase> <!-- readData -->
</testsuite> <!-- Regression -->
